jrmfewalletlib/build/outputs/logs/manifest-merger-debug-report.txt
-- Merging decision tree log ---
manifest
ADDED from src\main\AndroidManifest.xml:2:1-61:12
INJECTED from src\main\AndroidManifest.xml:2:1-61:12
INJECTED from src\main\AndroidManifest.xml:2:1-61:12
INJECTED from src\main\AndroidManifest.xml:2:1-61:12
INJECTED from src\main\AndroidManifest.xml:2:1-61:12
INJECTED from src\main\AndroidManifest.xml:2:1-61:12
INJECTED from src\main\AndroidManifest.xml:2:1-61:12
	package
		ADDED from src\main\AndroidManifest.xml:3:11-43
		INJECTED from src\main\AndroidManifest.xml
		INJECTED from src\main\AndroidManifest.xml
	android:versionName
		INJECTED from src\main\AndroidManifest.xml
		ADDED from src\main\AndroidManifest.xml:2:1-61:12
		INJECTED from src\main\AndroidManifest.xml
	android:versionCode
		INJECTED from src\main\AndroidManifest.xml
		ADDED from src\main\AndroidManifest.xml:2:1-61:12
		INJECTED from src\main\AndroidManifest.xml
	xmlns:android
		ADDED from src\main\AndroidManifest.xml:2:11-69
uses-permission#android.permission.ACCESS_FINE_LOCATION
ADDED from src\main\AndroidManifest.xml:6:5-78
	android:name
		ADDED from src\main\AndroidManifest.xml:6:22-76
uses-permission#android.permission.INTERNET
ADDED from src\main\AndroidManifest.xml:7:5-66
	android:name
		ADDED from src\main\AndroidManifest.xml:7:22-64
uses-permission#android.permission.ACCESS_NETWORK_STATE
ADDED from src\main\AndroidManifest.xml:8:5-78
	android:name
		ADDED from src\main\AndroidManifest.xml:8:22-76
uses-permission#android.permission.ACCESS_WIFI_STATE
ADDED from src\main\AndroidManifest.xml:9:5-75
	android:name
		ADDED from src\main\AndroidManifest.xml:9:22-73
uses-permission#android.permission.WRITE_EXTERNAL_STORAGE
ADDED from src\main\AndroidManifest.xml:11:5-80
	android:name
		ADDED from src\main\AndroidManifest.xml:11:22-78
uses-permission#android.permission.READ_EXTERNAL_STORAGE
ADDED from src\main\AndroidManifest.xml:12:5-79
	android:name
		ADDED from src\main\AndroidManifest.xml:12:22-77
application
ADDED from src\main\AndroidManifest.xml:14:5-59:19
activity#com.jrmf360.ewalletlib.ui.AccountInfoActivity
ADDED from src\main\AndroidManifest.xml:15:9-17:76
	android:configChanges
		ADDED from src\main\AndroidManifest.xml:17:13-74
	android:name
		ADDED from src\main\AndroidManifest.xml:16:13-51
activity#com.jrmf360.ewalletlib.ui.TradeHistoryActivity
ADDED from src\main\AndroidManifest.xml:18:9-20:76
	android:configChanges
		ADDED from src\main\AndroidManifest.xml:20:13-74
	android:name
		ADDED from src\main\AndroidManifest.xml:19:13-52
activity#com.jrmf360.ewalletlib.ui.SecureSettingActivity
ADDED from src\main\AndroidManifest.xml:21:9-23:76
	android:configChanges
		ADDED from src\main\AndroidManifest.xml:23:13-74
	android:name
		ADDED from src\main\AndroidManifest.xml:22:13-53
activity#com.jrmf360.ewalletlib.ui.SetPayPwdActivity
ADDED from src\main\AndroidManifest.xml:24:9-57
	android:name
		ADDED from src\main\AndroidManifest.xml:24:19-55
activity#com.jrmf360.ewalletlib.ui.PhoneVerificationActivity
ADDED from src\main\AndroidManifest.xml:25:9-27:76
	android:configChanges
		ADDED from src\main\AndroidManifest.xml:27:13-74
	android:name
		ADDED from src\main\AndroidManifest.xml:26:13-57
activity#com.jrmf360.ewalletlib.ui.SupportBankCardActivity
ADDED from src\main\AndroidManifest.xml:28:9-30:76
	android:configChanges
		ADDED from src\main\AndroidManifest.xml:30:13-74
	android:name
		ADDED from src\main\AndroidManifest.xml:29:13-55
activity#com.jrmf360.ewalletlib.ui.BankSettingActivity
ADDED from src\main\AndroidManifest.xml:31:9-33:76
	android:configChanges
		ADDED from src\main\AndroidManifest.xml:33:13-74
	android:name
		ADDED from src\main\AndroidManifest.xml:32:13-51
activity#com.jrmf360.ewalletlib.ui.AddAccountActivity
ADDED from src\main\AndroidManifest.xml:34:9-36:76
	android:configChanges
		ADDED from src\main\AndroidManifest.xml:36:13-74
	android:name
		ADDED from src\main\AndroidManifest.xml:35:13-50
activity#com.jrmf360.ewalletlib.ui.RechargeActivity
ADDED from src\main\AndroidManifest.xml:37:9-39:76
	android:configChanges
		ADDED from src\main\AndroidManifest.xml:39:13-74
	android:name
		ADDED from src\main\AndroidManifest.xml:38:13-48
activity#com.jrmf360.ewalletlib.ui.GetDepositActivity
ADDED from src\main\AndroidManifest.xml:40:9-42:76
	android:configChanges
		ADDED from src\main\AndroidManifest.xml:42:13-74
	android:name
		ADDED from src\main\AndroidManifest.xml:41:13-50
activity#com.jrmf360.ewalletlib.ui.PwdCheckActivity
ADDED from src\main\AndroidManifest.xml:43:9-45:76
	android:configChanges
		ADDED from src\main\AndroidManifest.xml:45:13-74
	android:name
		ADDED from src\main\AndroidManifest.xml:44:13-48
activity#com.jrmf360.ewalletlib.ui.WebViewActivity
ADDED from src\main\AndroidManifest.xml:46:9-48:76
	android:configChanges
		ADDED from src\main\AndroidManifest.xml:48:13-74
	android:name
		ADDED from src\main\AndroidManifest.xml:47:13-47
activity#com.jrmf360.ewalletlib.ui.TradeDetailActivity
ADDED from src\main\AndroidManifest.xml:49:9-51:76
	android:configChanges
		ADDED from src\main\AndroidManifest.xml:51:13-74
	android:name
		ADDED from src\main\AndroidManifest.xml:50:13-51
activity#com.jrmf360.ewalletlib.ui.MyeWalletActivity
ADDED from src\main\AndroidManifest.xml:53:9-55:76
	android:configChanges
		ADDED from src\main\AndroidManifest.xml:55:13-74
	android:name
		ADDED from src\main\AndroidManifest.xml:54:13-49
activity#com.jrmf360.ewalletlib.ui.WithdrawSuccessActivity
ADDED from src\main\AndroidManifest.xml:56:9-58:76
	android:configChanges
		ADDED from src\main\AndroidManifest.xml:58:13-74
	android:name
		ADDED from src\main\AndroidManifest.xml:57:13-55
uses-sdk
INJECTED from src\main\AndroidManifest.xml reason: use-sdk injection requested
INJECTED from src\main\AndroidManifest.xml
INJECTED from src\main\AndroidManifest.xml
INJECTED from src\main\AndroidManifest.xml
INJECTED from src\main\AndroidManifest.xml
	android:targetSdkVersion
		INJECTED from src\main\AndroidManifest.xml
		ADDED from src\main\AndroidManifest.xml
		INJECTED from src\main\AndroidManifest.xml
	android:minSdkVersion
		INJECTED from src\main\AndroidManifest.xml
		ADDED from src\main\AndroidManifest.xml
		INJECTED from src\main\AndroidManifest.xml